02:16:38.025 [main] DEBUG io.netty.util.internal.CleanerJava9 - java.nio.ByteBuffer.cleaner(): available
02:16:38.051 [main] DEBUG io.netty.util.internal.PlatformDependent - -Dio.netty.noPreferDirect: false
02:16:38.155 [main] DEBUG io.netty.util.internal.PlatformDependent - org.jctools-core.MpscChunkedArrayQueue: available
02:16:38.418 [main] DEBUG io.netty.util.internal.InternalThreadLocalMap - -Dio.netty.threadLocalMap.stringBuilder.initialSize: 1024
02:16:38.418 [main] DEBUG io.netty.util.internal.InternalThreadLocalMap - -Dio.netty.threadLocalMap.stringBuilder.maxSize: 4096
02:16:38.473 [main] DEBUG io.netty.handler.ssl.JdkSslContext - Default protocols (JDK): [TLSv1.3, TLSv1.2] 
02:16:38.474 [main] DEBUG io.netty.handler.ssl.JdkSslContext - Default cipher suites (JDK): [TLS_ECDHE_ECDSA_WITH_AES_256_GCM_SHA384, TLS_ECDHE_ECDSA_WITH_AES_128_GCM_SHA256, TLS_ECDHE_RSA_WITH_AES_128_GCM_SHA256, TLS_ECDHE_RSA_WITH_AES_256_GCM_SHA384, TLS_ECDHE_RSA_WITH_AES_128_CBC_SHA, TLS_ECDHE_RSA_WITH_AES_256_CBC_SHA, TLS_RSA_WITH_AES_128_GCM_SHA256, TLS_RSA_WITH_AES_128_CBC_SHA, TLS_RSA_WITH_AES_256_CBC_SHA, TLS_AES_128_GCM_SHA256, TLS_AES_256_GCM_SHA384]
02:16:38.575 [main] DEBUG io.netty.channel.MultithreadEventLoopGroup - -Dio.netty.eventLoopThreads: 4
02:16:38.634 [main] DEBUG io.netty.channel.nio.NioEventLoop - -Dio.netty.noKeySetOptimization: false
02:16:38.634 [main] DEBUG io.netty.channel.nio.NioEventLoop - -Dio.netty.selectorAutoRebuildThreshold: 512
02:16:38.780 [main] DEBUG io.netty.buffer.PooledByteBufAllocator - -Dio.netty.allocator.numHeapArenas: 4
02:16:38.780 [main] DEBUG io.netty.buffer.PooledByteBufAllocator - -Dio.netty.allocator.numDirectArenas: 4
02:16:38.780 [main] DEBUG io.netty.buffer.PooledByteBufAllocator - -Dio.netty.allocator.pageSize: 8192
02:16:38.780 [main] DEBUG io.netty.buffer.PooledByteBufAllocator - -Dio.netty.allocator.maxOrder: 11
02:16:38.781 [main] DEBUG io.netty.buffer.PooledByteBufAllocator - -Dio.netty.allocator.chunkSize: 16777216
02:16:38.781 [main] DEBUG io.netty.buffer.PooledByteBufAllocator - -Dio.netty.allocator.smallCacheSize: 256
02:16:38.781 [main] DEBUG io.netty.buffer.PooledByteBufAllocator - -Dio.netty.allocator.normalCacheSize: 64
02:16:38.782 [main] DEBUG io.netty.buffer.PooledByteBufAllocator - -Dio.netty.allocator.maxCachedBufferCapacity: 32768
02:16:38.782 [main] DEBUG io.netty.buffer.PooledByteBufAllocator - -Dio.netty.allocator.cacheTrimInterval: 8192
02:16:38.783 [main] DEBUG io.netty.buffer.PooledByteBufAllocator - -Dio.netty.allocator.cacheTrimIntervalMillis: 0
02:16:38.784 [main] DEBUG io.netty.buffer.PooledByteBufAllocator - -Dio.netty.allocator.useCacheForAllThreads: true
02:16:38.784 [main] DEBUG io.netty.buffer.PooledByteBufAllocator - -Dio.netty.allocator.maxCachedByteBuffersPerChunk: 1023
02:16:38.814 [main] DEBUG io.netty.buffer.ByteBufUtil - -Dio.netty.allocator.type: pooled
02:16:38.815 [main] DEBUG io.netty.buffer.ByteBufUtil - -Dio.netty.threadLocalDirectBufferSize: 0
02:16:38.815 [main] DEBUG io.netty.buffer.ByteBufUtil - -Dio.netty.maxThreadLocalCharBufferSize: 16384
02:16:41.963 [Forwarding newSession on session null to remote] DEBUG io.netty.channel.DefaultChannelId - -Dio.netty.processId: 1372 (auto-detected)
02:16:41.976 [Forwarding newSession on session null to remote] DEBUG io.netty.util.NetUtil - -Djava.net.preferIPv4Stack: false
02:16:41.977 [Forwarding newSession on session null to remote] DEBUG io.netty.util.NetUtil - -Djava.net.preferIPv6Addresses: false
02:16:41.991 [Forwarding newSession on session null to remote] DEBUG io.netty.util.NetUtilInitializations - Loopback interface: lo (Software Loopback Interface 1, 127.0.0.1)
02:16:41.994 [Forwarding newSession on session null to remote] DEBUG io.netty.util.NetUtil - Failed to get SOMAXCONN from sysctl and file \proc\sys\net\core\somaxconn. Default: 200
02:16:42.016 [Forwarding newSession on session null to remote] DEBUG io.netty.channel.DefaultChannelId - -Dio.netty.machineId: 00:1e:37:ff:fe:32:fe:20 (auto-detected)
02:16:42.169 [AsyncHttpClient-1-2] DEBUG io.netty.buffer.AbstractByteBuf - -Dio.netty.buffer.checkAccessible: true
02:16:42.170 [AsyncHttpClient-1-2] DEBUG io.netty.buffer.AbstractByteBuf - -Dio.netty.buffer.checkBounds: true
02:16:42.170 [AsyncHttpClient-1-2] DEBUG io.netty.util.ResourceLeakDetectorFactory - Loaded default ResourceLeakDetector: io.netty.util.ResourceLeakDetector@68e1be78
02:16:42.246 [AsyncHttpClient-1-2] DEBUG io.netty.util.Recycler - -Dio.netty.recycler.maxCapacityPerThread: 4096
02:16:42.247 [AsyncHttpClient-1-2] DEBUG io.netty.util.Recycler - -Dio.netty.recycler.ratio: 8
02:16:42.247 [AsyncHttpClient-1-2] DEBUG io.netty.util.Recycler - -Dio.netty.recycler.chunkSize: 32
02:16:42.247 [AsyncHttpClient-1-2] DEBUG io.netty.util.Recycler - -Dio.netty.recycler.blocking: false
02:16:46.902 [AsyncHttpClient-1-2] DEBUG io.netty.handler.codec.compression.Brotli - brotli4j not in the classpath; Brotli support will be unavailable.
02:16:48.070 [main] DEBUG io.netty.util.internal.ThreadLocalRandom - -Dio.netty.initialSeedUniquifier: 0x883438d581625d81
02:16:48.290 [main] INFO  testCases.TC001_AccountRegistorTest - ChromeBrowser Launched
02:16:48.760 [main] INFO  testCases.TC001_AccountRegistorTest - maximizing window
02:16:51.669 [main] INFO  testCases.TC001_AccountRegistorTest - url launched
02:16:51.842 [main] INFO  testCases.TC001_AccountRegistorTest - Started TC001_AccountRegistorTest
02:16:52.260 [main] INFO  testCases.TC001_AccountRegistorTest - Clicked on MyAccount Link
02:16:54.095 [main] INFO  testCases.TC001_AccountRegistorTest - Clicked on registor Link
02:16:54.117 [main] INFO  testCases.TC001_AccountRegistorTest - Providing Customer Details
02:16:54.458 [main] INFO  testCases.TC001_AccountRegistorTest - Enter FirstName
02:16:54.723 [main] INFO  testCases.TC001_AccountRegistorTest - Enter LastName
02:16:55.011 [main] INFO  testCases.TC001_AccountRegistorTest - Enter Email
02:16:55.357 [main] INFO  testCases.TC001_AccountRegistorTest - Enter PhoneNumber
02:16:55.615 [main] INFO  testCases.TC001_AccountRegistorTest - Enter Password
02:16:55.884 [main] INFO  testCases.TC001_AccountRegistorTest - Enter Re-enter Password
02:16:56.069 [main] INFO  testCases.TC001_AccountRegistorTest - checkmark PrivacyPolicy
02:16:57.320 [main] INFO  testCases.TC001_AccountRegistorTest - click on continue
02:16:57.320 [main] INFO  testCases.TC001_AccountRegistorTest - Validating Conformation Message
02:16:57.448 [main] INFO  testCases.TC001_AccountRegistorTest - Completed TC001_AccountRegisterTest
02:17:02.935 [main] INFO  testCases.TC002_LoginTest - ChromeBrowser Launched
02:17:03.208 [main] INFO  testCases.TC002_LoginTest - maximizing window
02:17:06.065 [main] INFO  testCases.TC002_LoginTest - url launched
02:17:06.099 [main] INFO  testCases.TC002_LoginTest - Started TC002_LoginTest
02:17:08.313 [main] INFO  testCases.TC002_LoginTest - Clicked on MyAccounLink
02:17:09.174 [main] INFO  testCases.TC002_LoginTest - Clicked on LoginLink
02:17:09.510 [main] INFO  testCases.TC002_LoginTest - Entered the  email
02:17:09.765 [main] INFO  testCases.TC002_LoginTest - Entered the  password
02:17:10.867 [main] INFO  testCases.TC002_LoginTest - Click on login
02:17:10.867 [main] INFO  testCases.TC002_LoginTest - Validating login test
02:17:11.095 [main] INFO  testCases.TC002_LoginTest - Completed TC002_LoginTest
04:05:03.054 [main] DEBUG io.netty.util.internal.logging.InternalLoggerFactory - Using Log4J2 as the default logging framework
04:05:03.097 [main] DEBUG io.netty.util.ResourceLeakDetector - -Dio.netty.leakDetection.level: simple
04:05:03.097 [main] DEBUG io.netty.util.ResourceLeakDetector - -Dio.netty.leakDetection.targetRecords: 4
04:05:03.108 [main] DEBUG io.netty.util.ResourceLeakDetectorFactory - Loaded default ResourceLeakDetector: io.netty.util.ResourceLeakDetector@42fb8c87
04:05:03.177 [main] DEBUG io.netty.util.internal.PlatformDependent0 - -Dio.netty.noUnsafe: false
04:05:03.178 [main] DEBUG io.netty.util.internal.PlatformDependent0 - Java version: 17
04:05:03.183 [main] DEBUG io.netty.util.internal.PlatformDependent0 - sun.misc.Unsafe.theUnsafe: available
04:05:03.186 [main] DEBUG io.netty.util.internal.PlatformDependent0 - sun.misc.Unsafe.copyMemory: available
04:05:03.187 [main] DEBUG io.netty.util.internal.PlatformDependent0 - java.nio.Buffer.address: available
04:05:03.189 [main] DEBUG io.netty.util.internal.PlatformDependent0 - direct buffer constructor: unavailable: Reflective setAccessible(true) disabled
04:05:03.191 [main] DEBUG io.netty.util.internal.PlatformDependent0 - java.nio.Bits.unaligned: available, true
04:05:03.195 [main] DEBUG io.netty.util.internal.PlatformDependent0 - jdk.internal.misc.Unsafe.allocateUninitializedArray(int): unavailable: class io.netty.util.internal.PlatformDependent0$6 cannot access class jdk.internal.misc.Unsafe (in module java.base) because module java.base does not export jdk.internal.misc to unnamed module @7ca48474
04:05:03.199 [main] DEBUG io.netty.util.internal.PlatformDependent0 - java.nio.DirectByteBuffer.<init>(long, int): unavailable
04:05:03.199 [main] DEBUG io.netty.util.internal.PlatformDependent - sun.misc.Unsafe: available
04:05:03.201 [main] DEBUG io.netty.util.internal.PlatformDependent - maxDirectMemory: 996147200 bytes (maybe)
04:05:03.203 [main] DEBUG io.netty.util.internal.PlatformDependent - -Dio.netty.tmpdir: C:\Users\GLOBAL~1\AppData\Local\Temp (java.io.tmpdir)
04:05:03.204 [main] DEBUG io.netty.util.internal.PlatformDependent - -Dio.netty.bitMode: 64 (sun.arch.data.model)
04:05:03.204 [main] DEBUG io.netty.util.internal.PlatformDependent - Platform: Windows
04:05:03.207 [main] DEBUG io.netty.util.internal.PlatformDependent - -Dio.netty.maxDirectMemory: -1 bytes
04:05:03.207 [main] DEBUG io.netty.util.internal.PlatformDependent - -Dio.netty.uninitializedArrayAllocationThreshold: -1
04:05:03.212 [main] DEBUG io.netty.util.internal.CleanerJava9 - java.nio.ByteBuffer.cleaner(): available
04:05:03.212 [main] DEBUG io.netty.util.internal.PlatformDependent - -Dio.netty.noPreferDirect: false
04:05:03.242 [main] DEBUG io.netty.util.internal.PlatformDependent - org.jctools-core.MpscChunkedArrayQueue: available
04:05:03.302 [main] DEBUG io.netty.util.internal.InternalThreadLocalMap - -Dio.netty.threadLocalMap.stringBuilder.initialSize: 1024
04:05:03.303 [main] DEBUG io.netty.util.internal.InternalThreadLocalMap - -Dio.netty.threadLocalMap.stringBuilder.maxSize: 4096
04:05:03.342 [main] DEBUG io.netty.handler.ssl.JdkSslContext - Default protocols (JDK): [TLSv1.3, TLSv1.2] 
04:05:03.343 [main] DEBUG io.netty.handler.ssl.JdkSslContext - Default cipher suites (JDK): [TLS_ECDHE_ECDSA_WITH_AES_256_GCM_SHA384, TLS_ECDHE_ECDSA_WITH_AES_128_GCM_SHA256, TLS_ECDHE_RSA_WITH_AES_128_GCM_SHA256, TLS_ECDHE_RSA_WITH_AES_256_GCM_SHA384, TLS_ECDHE_RSA_WITH_AES_128_CBC_SHA, TLS_ECDHE_RSA_WITH_AES_256_CBC_SHA, TLS_RSA_WITH_AES_128_GCM_SHA256, TLS_RSA_WITH_AES_128_CBC_SHA, TLS_RSA_WITH_AES_256_CBC_SHA, TLS_AES_128_GCM_SHA256, TLS_AES_256_GCM_SHA384]
04:05:03.441 [main] DEBUG io.netty.channel.MultithreadEventLoopGroup - -Dio.netty.eventLoopThreads: 4
04:05:03.474 [main] DEBUG io.netty.channel.nio.NioEventLoop - -Dio.netty.noKeySetOptimization: false
04:05:03.474 [main] DEBUG io.netty.channel.nio.NioEventLoop - -Dio.netty.selectorAutoRebuildThreshold: 512
04:05:03.586 [main] DEBUG io.netty.buffer.PooledByteBufAllocator - -Dio.netty.allocator.numHeapArenas: 4
04:05:03.586 [main] DEBUG io.netty.buffer.PooledByteBufAllocator - -Dio.netty.allocator.numDirectArenas: 4
04:05:03.586 [main] DEBUG io.netty.buffer.PooledByteBufAllocator - -Dio.netty.allocator.pageSize: 8192
04:05:03.587 [main] DEBUG io.netty.buffer.PooledByteBufAllocator - -Dio.netty.allocator.maxOrder: 11
04:05:03.587 [main] DEBUG io.netty.buffer.PooledByteBufAllocator - -Dio.netty.allocator.chunkSize: 16777216
04:05:03.587 [main] DEBUG io.netty.buffer.PooledByteBufAllocator - -Dio.netty.allocator.smallCacheSize: 256
04:05:03.587 [main] DEBUG io.netty.buffer.PooledByteBufAllocator - -Dio.netty.allocator.normalCacheSize: 64
04:05:03.588 [main] DEBUG io.netty.buffer.PooledByteBufAllocator - -Dio.netty.allocator.maxCachedBufferCapacity: 32768
04:05:03.588 [main] DEBUG io.netty.buffer.PooledByteBufAllocator - -Dio.netty.allocator.cacheTrimInterval: 8192
04:05:03.589 [main] DEBUG io.netty.buffer.PooledByteBufAllocator - -Dio.netty.allocator.cacheTrimIntervalMillis: 0
04:05:03.589 [main] DEBUG io.netty.buffer.PooledByteBufAllocator - -Dio.netty.allocator.useCacheForAllThreads: true
04:05:03.589 [main] DEBUG io.netty.buffer.PooledByteBufAllocator - -Dio.netty.allocator.maxCachedByteBuffersPerChunk: 1023
04:05:03.621 [main] DEBUG io.netty.buffer.ByteBufUtil - -Dio.netty.allocator.type: pooled
04:05:03.622 [main] DEBUG io.netty.buffer.ByteBufUtil - -Dio.netty.threadLocalDirectBufferSize: 0
04:05:03.623 [main] DEBUG io.netty.buffer.ByteBufUtil - -Dio.netty.maxThreadLocalCharBufferSize: 16384
04:05:04.938 [Forwarding newSession on session null to remote] DEBUG io.netty.channel.DefaultChannelId - -Dio.netty.processId: 4708 (auto-detected)
04:05:04.945 [Forwarding newSession on session null to remote] DEBUG io.netty.util.NetUtil - -Djava.net.preferIPv4Stack: false
04:05:04.946 [Forwarding newSession on session null to remote] DEBUG io.netty.util.NetUtil - -Djava.net.preferIPv6Addresses: false
04:05:04.961 [Forwarding newSession on session null to remote] DEBUG io.netty.util.NetUtilInitializations - Loopback interface: lo (Software Loopback Interface 1, 127.0.0.1)
04:05:04.964 [Forwarding newSession on session null to remote] DEBUG io.netty.util.NetUtil - Failed to get SOMAXCONN from sysctl and file \proc\sys\net\core\somaxconn. Default: 200
04:05:04.983 [Forwarding newSession on session null to remote] DEBUG io.netty.channel.DefaultChannelId - -Dio.netty.machineId: 00:1e:37:ff:fe:32:fe:20 (auto-detected)
04:05:05.143 [AsyncHttpClient-1-2] DEBUG io.netty.buffer.AbstractByteBuf - -Dio.netty.buffer.checkAccessible: true
04:05:05.144 [AsyncHttpClient-1-2] DEBUG io.netty.buffer.AbstractByteBuf - -Dio.netty.buffer.checkBounds: true
04:05:05.145 [AsyncHttpClient-1-2] DEBUG io.netty.util.ResourceLeakDetectorFactory - Loaded default ResourceLeakDetector: io.netty.util.ResourceLeakDetector@23728dc1
04:05:05.222 [AsyncHttpClient-1-2] DEBUG io.netty.util.Recycler - -Dio.netty.recycler.maxCapacityPerThread: 4096
04:05:05.223 [AsyncHttpClient-1-2] DEBUG io.netty.util.Recycler - -Dio.netty.recycler.ratio: 8
04:05:05.223 [AsyncHttpClient-1-2] DEBUG io.netty.util.Recycler - -Dio.netty.recycler.chunkSize: 32
04:05:05.223 [AsyncHttpClient-1-2] DEBUG io.netty.util.Recycler - -Dio.netty.recycler.blocking: false
04:05:08.605 [AsyncHttpClient-1-2] DEBUG io.netty.handler.codec.compression.Brotli - brotli4j not in the classpath; Brotli support will be unavailable.
04:05:08.929 [main] DEBUG io.netty.util.internal.ThreadLocalRandom - -Dio.netty.initialSeedUniquifier: 0xff1e574a5569a475
04:05:09.095 [main] INFO  testCases.TC001_AccountRegistorTest - ChromeBrowser Launched
04:05:09.339 [main] INFO  testCases.TC001_AccountRegistorTest - maximizing window
04:05:11.880 [main] INFO  testCases.TC001_AccountRegistorTest - url launched
04:05:11.954 [main] INFO  testCases.TC001_AccountRegistorTest - Started TC001_AccountRegistorTest
04:05:12.282 [main] INFO  testCases.TC001_AccountRegistorTest - Clicked on MyAccount Link
04:05:13.489 [main] INFO  testCases.TC001_AccountRegistorTest - Clicked on registor Link
04:05:13.498 [main] INFO  testCases.TC001_AccountRegistorTest - Providing Customer Details
04:05:13.825 [main] INFO  testCases.TC001_AccountRegistorTest - Enter FirstName
04:05:14.101 [main] INFO  testCases.TC001_AccountRegistorTest - Enter LastName
04:05:14.423 [main] INFO  testCases.TC001_AccountRegistorTest - Enter Email
04:05:14.710 [main] INFO  testCases.TC001_AccountRegistorTest - Enter PhoneNumber
04:05:14.988 [main] INFO  testCases.TC001_AccountRegistorTest - Enter Password
04:05:15.236 [main] INFO  testCases.TC001_AccountRegistorTest - Enter Re-enter Password
04:05:15.397 [main] INFO  testCases.TC001_AccountRegistorTest - checkmark PrivacyPolicy
04:05:16.560 [main] INFO  testCases.TC001_AccountRegistorTest - click on continue
04:05:16.560 [main] INFO  testCases.TC001_AccountRegistorTest - Validating Conformation Message
04:05:16.697 [main] INFO  testCases.TC001_AccountRegistorTest - Completed TC001_AccountRegisterTest
04:05:21.587 [main] INFO  testCases.TC002_LoginTest - ChromeBrowser Launched
04:05:21.836 [main] INFO  testCases.TC002_LoginTest - maximizing window
04:05:24.894 [main] INFO  testCases.TC002_LoginTest - url launched
04:05:24.913 [main] INFO  testCases.TC002_LoginTest - Started TC002_LoginTest
04:05:27.071 [main] INFO  testCases.TC002_LoginTest - Clicked on MyAccounLink
04:05:27.768 [main] INFO  testCases.TC002_LoginTest - Clicked on LoginLink
04:05:28.120 [main] INFO  testCases.TC002_LoginTest - Entered the  email
04:05:28.336 [main] INFO  testCases.TC002_LoginTest - Entered the  password
04:05:29.139 [main] INFO  testCases.TC002_LoginTest - Click on login
04:05:29.140 [main] INFO  testCases.TC002_LoginTest - Validating login test
04:34:07.449 [main] DEBUG io.netty.util.internal.logging.InternalLoggerFactory - Using Log4J2 as the default logging framework
04:34:07.531 [main] DEBUG io.netty.util.ResourceLeakDetector - -Dio.netty.leakDetection.level: simple
04:34:07.532 [main] DEBUG io.netty.util.ResourceLeakDetector - -Dio.netty.leakDetection.targetRecords: 4
04:34:07.546 [main] DEBUG io.netty.util.ResourceLeakDetectorFactory - Loaded default ResourceLeakDetector: io.netty.util.ResourceLeakDetector@4e08acf9
04:34:07.616 [main] DEBUG io.netty.util.internal.PlatformDependent0 - -Dio.netty.noUnsafe: false
04:34:07.617 [main] DEBUG io.netty.util.internal.PlatformDependent0 - Java version: 17
04:34:07.621 [main] DEBUG io.netty.util.internal.PlatformDependent0 - sun.misc.Unsafe.theUnsafe: available
04:34:07.623 [main] DEBUG io.netty.util.internal.PlatformDependent0 - sun.misc.Unsafe.copyMemory: available
04:34:07.625 [main] DEBUG io.netty.util.internal.PlatformDependent0 - java.nio.Buffer.address: available
04:34:07.628 [main] DEBUG io.netty.util.internal.PlatformDependent0 - direct buffer constructor: unavailable: Reflective setAccessible(true) disabled
04:34:07.630 [main] DEBUG io.netty.util.internal.PlatformDependent0 - java.nio.Bits.unaligned: available, true
04:34:07.634 [main] DEBUG io.netty.util.internal.PlatformDependent0 - jdk.internal.misc.Unsafe.allocateUninitializedArray(int): unavailable: class io.netty.util.internal.PlatformDependent0$6 cannot access class jdk.internal.misc.Unsafe (in module java.base) because module java.base does not export jdk.internal.misc to unnamed module @7ca48474
04:34:07.638 [main] DEBUG io.netty.util.internal.PlatformDependent0 - java.nio.DirectByteBuffer.<init>(long, int): unavailable
04:34:07.639 [main] DEBUG io.netty.util.internal.PlatformDependent - sun.misc.Unsafe: available
04:34:07.640 [main] DEBUG io.netty.util.internal.PlatformDependent - maxDirectMemory: 996147200 bytes (maybe)
04:34:07.642 [main] DEBUG io.netty.util.internal.PlatformDependent - -Dio.netty.tmpdir: C:\Users\GLOBAL~1\AppData\Local\Temp (java.io.tmpdir)
04:34:07.642 [main] DEBUG io.netty.util.internal.PlatformDependent - -Dio.netty.bitMode: 64 (sun.arch.data.model)
04:34:07.643 [main] DEBUG io.netty.util.internal.PlatformDependent - Platform: Windows
04:34:07.646 [main] DEBUG io.netty.util.internal.PlatformDependent - -Dio.netty.maxDirectMemory: -1 bytes
04:34:07.647 [main] DEBUG io.netty.util.internal.PlatformDependent - -Dio.netty.uninitializedArrayAllocationThreshold: -1
04:34:07.651 [main] DEBUG io.netty.util.internal.CleanerJava9 - java.nio.ByteBuffer.cleaner(): available
04:34:07.651 [main] DEBUG io.netty.util.internal.PlatformDependent - -Dio.netty.noPreferDirect: false
