19:35:39.507 [main] DEBUG io.netty.util.internal.InternalThreadLocalMap - -Dio.netty.threadLocalMap.stringBuilder.maxSize: 4096
19:35:39.601 [main] DEBUG io.netty.handler.ssl.JdkSslContext - Default protocols (JDK): [TLSv1.3, TLSv1.2] 
19:35:39.601 [main] DEBUG io.netty.handler.ssl.JdkSslContext - Default cipher suites (JDK): [TLS_ECDHE_ECDSA_WITH_AES_256_GCM_SHA384, TLS_ECDHE_ECDSA_WITH_AES_128_GCM_SHA256, TLS_ECDHE_RSA_WITH_AES_128_GCM_SHA256, TLS_ECDHE_RSA_WITH_AES_256_GCM_SHA384, TLS_ECDHE_RSA_WITH_AES_128_CBC_SHA, TLS_ECDHE_RSA_WITH_AES_256_CBC_SHA, TLS_RSA_WITH_AES_128_GCM_SHA256, TLS_RSA_WITH_AES_128_CBC_SHA, TLS_RSA_WITH_AES_256_CBC_SHA, TLS_AES_128_GCM_SHA256, TLS_AES_256_GCM_SHA384]
19:35:39.628 [main] DEBUG io.netty.util.concurrent.GlobalEventExecutor - -Dio.netty.globalEventExecutor.quietPeriodSeconds: 1
19:35:39.661 [main] DEBUG io.netty.channel.MultithreadEventLoopGroup - -Dio.netty.eventLoopThreads: 8
19:35:39.677 [main] DEBUG io.netty.channel.nio.NioEventLoop - -Dio.netty.noKeySetOptimization: false
19:35:39.678 [main] DEBUG io.netty.channel.nio.NioEventLoop - -Dio.netty.selectorAutoRebuildThreshold: 512
19:35:39.775 [main] DEBUG io.netty.buffer.PooledByteBufAllocator - -Dio.netty.allocator.numHeapArenas: 8
19:35:39.775 [main] DEBUG io.netty.buffer.PooledByteBufAllocator - -Dio.netty.allocator.numDirectArenas: 8
19:35:39.775 [main] DEBUG io.netty.buffer.PooledByteBufAllocator - -Dio.netty.allocator.pageSize: 8192
19:35:39.776 [main] DEBUG io.netty.buffer.PooledByteBufAllocator - -Dio.netty.allocator.maxOrder: 9
19:35:39.776 [main] DEBUG io.netty.buffer.PooledByteBufAllocator - -Dio.netty.allocator.chunkSize: 4194304
19:35:39.776 [main] DEBUG io.netty.buffer.PooledByteBufAllocator - -Dio.netty.allocator.smallCacheSize: 256
19:35:39.776 [main] DEBUG io.netty.buffer.PooledByteBufAllocator - -Dio.netty.allocator.normalCacheSize: 64
19:35:39.776 [main] DEBUG io.netty.buffer.PooledByteBufAllocator - -Dio.netty.allocator.maxCachedBufferCapacity: 32768
19:35:39.776 [main] DEBUG io.netty.buffer.PooledByteBufAllocator - -Dio.netty.allocator.cacheTrimInterval: 8192
19:35:39.776 [main] DEBUG io.netty.buffer.PooledByteBufAllocator - -Dio.netty.allocator.cacheTrimIntervalMillis: 0
19:35:39.776 [main] DEBUG io.netty.buffer.PooledByteBufAllocator - -Dio.netty.allocator.useCacheForAllThreads: false
19:35:39.777 [main] DEBUG io.netty.buffer.PooledByteBufAllocator - -Dio.netty.allocator.maxCachedByteBuffersPerChunk: 1023
19:35:39.800 [main] DEBUG io.netty.buffer.ByteBufUtil - -Dio.netty.allocator.type: pooled
19:35:39.800 [main] DEBUG io.netty.buffer.ByteBufUtil - -Dio.netty.threadLocalDirectBufferSize: 0
19:35:39.801 [main] DEBUG io.netty.buffer.ByteBufUtil - -Dio.netty.maxThreadLocalCharBufferSize: 16384
19:35:42.609 [Forwarding newSession on session null to remote] DEBUG io.netty.channel.DefaultChannelId - -Dio.netty.processId: 18356 (auto-detected)
19:35:42.613 [Forwarding newSession on session null to remote] DEBUG io.netty.util.NetUtil - -Djava.net.preferIPv4Stack: false
19:35:42.613 [Forwarding newSession on session null to remote] DEBUG io.netty.util.NetUtil - -Djava.net.preferIPv6Addresses: false
19:35:42.617 [Forwarding newSession on session null to remote] DEBUG io.netty.util.NetUtilInitializations - Loopback interface: loopback_0 (Software Loopback Interface 1, 0:0:0:0:0:0:0:1)
19:35:42.620 [Forwarding newSession on session null to remote] DEBUG io.netty.util.NetUtil - Failed to get SOMAXCONN from sysctl and file \proc\sys\net\core\somaxconn. Default: 200
19:35:42.622 [Forwarding newSession on session null to remote] DEBUG io.netty.channel.DefaultChannelId - -Dio.netty.machineId: 8c:16:45:ff:fe:37:7b:05 (auto-detected)
19:35:42.719 [AsyncHttpClient-1-2] DEBUG io.netty.buffer.AbstractByteBuf - -Dio.netty.buffer.checkAccessible: true
19:35:42.720 [AsyncHttpClient-1-2] DEBUG io.netty.buffer.AbstractByteBuf - -Dio.netty.buffer.checkBounds: true
19:35:42.720 [AsyncHttpClient-1-2] DEBUG io.netty.util.ResourceLeakDetectorFactory - Loaded default ResourceLeakDetector: io.netty.util.ResourceLeakDetector@33f432cb
19:35:42.773 [AsyncHttpClient-1-2] DEBUG io.netty.util.Recycler - -Dio.netty.recycler.maxCapacityPerThread: 4096
19:35:42.774 [AsyncHttpClient-1-2] DEBUG io.netty.util.Recycler - -Dio.netty.recycler.ratio: 8
19:35:42.774 [AsyncHttpClient-1-2] DEBUG io.netty.util.Recycler - -Dio.netty.recycler.chunkSize: 32
19:35:42.774 [AsyncHttpClient-1-2] DEBUG io.netty.util.Recycler - -Dio.netty.recycler.blocking: false
19:35:42.774 [AsyncHttpClient-1-2] DEBUG io.netty.util.Recycler - -Dio.netty.recycler.batchFastThreadLocalOnly: true
19:35:55.573 [AsyncHttpClient-1-2] DEBUG io.netty.handler.codec.compression.Brotli - brotli4j not in the classpath; Brotli support will be unavailable.
19:35:56.149 [main] DEBUG io.netty.util.internal.ThreadLocalRandom - -Dio.netty.initialSeedUniquifier: 0x72846b76f496ea1e
19:35:56.452 [main] INFO  testCases.TC001_AccountRegistorTest - EdgeBrowser Launched
19:35:56.640 [main] INFO  testCases.TC001_AccountRegistorTest - maximizing window
19:36:01.960 [main] INFO  testCases.TC001_AccountRegistorTest - url launched
19:36:02.014 [main] INFO  testCases.TC001_AccountRegistorTest - Started TC001_AccountRegistorTest
19:36:02.784 [main] INFO  testCases.TC001_AccountRegistorTest - Clicked on MyAccount Link
19:36:04.101 [main] INFO  testCases.TC001_AccountRegistorTest - Clicked on registor Link
19:36:04.101 [main] INFO  testCases.TC001_AccountRegistorTest - Providing Customer Details
19:36:04.424 [main] INFO  testCases.TC001_AccountRegistorTest - Enter FirstName
19:36:04.681 [main] INFO  testCases.TC001_AccountRegistorTest - Enter LastName
19:36:04.874 [main] INFO  testCases.TC001_AccountRegistorTest - Enter Email
19:36:05.045 [main] INFO  testCases.TC001_AccountRegistorTest - Enter PhoneNumber
19:36:05.248 [main] INFO  testCases.TC001_AccountRegistorTest - Enter Password
19:36:05.425 [main] INFO  testCases.TC001_AccountRegistorTest - Enter Re-enter Password
19:36:05.561 [main] INFO  testCases.TC001_AccountRegistorTest - checkmark PrivacyPolicy
19:36:07.087 [main] INFO  testCases.TC001_AccountRegistorTest - click on continue
19:36:07.087 [main] INFO  testCases.TC001_AccountRegistorTest - Validating Conformation Message
19:36:07.219 [main] INFO  testCases.TC001_AccountRegistorTest - Completed TC001_AccountRegisterTest
19:36:18.391 [main] INFO  testCases.TC002_LoginTest - EdgeBrowser Launched
19:36:18.666 [main] INFO  testCases.TC002_LoginTest - maximizing window
19:36:24.380 [main] INFO  testCases.TC002_LoginTest - url launched
19:36:24.388 [main] INFO  testCases.TC002_LoginTest - Started TC002_LoginTest
19:36:27.129 [main] INFO  testCases.TC002_LoginTest - Clicked on MyAccounLink
19:36:27.914 [main] INFO  testCases.TC002_LoginTest - Clicked on LoginLink
19:36:28.435 [main] INFO  testCases.TC002_LoginTest - Entered the  email
19:36:28.613 [main] INFO  testCases.TC002_LoginTest - Entered the  password
19:36:29.717 [main] INFO  testCases.TC002_LoginTest - Click on login
19:36:29.718 [main] INFO  testCases.TC002_LoginTest - Validating login test
19:36:29.853 [main] INFO  testCases.TC002_LoginTest - Completed TC002_LoginTest
20:17:48.844 [main] DEBUG io.netty.util.internal.logging.InternalLoggerFactory - Using Log4J2 as the default logging framework
20:17:49.047 [main] DEBUG io.netty.util.ResourceLeakDetector - -Dio.netty.leakDetection.level: simple
20:17:49.047 [main] DEBUG io.netty.util.ResourceLeakDetector - -Dio.netty.leakDetection.targetRecords: 4
20:17:49.059 [main] DEBUG io.netty.util.ResourceLeakDetectorFactory - Loaded default ResourceLeakDetector: io.netty.util.ResourceLeakDetector@6ab4ba9f
20:17:49.098 [main] DEBUG io.netty.util.internal.PlatformDependent0 - -Dio.netty.noUnsafe: false
20:17:49.098 [main] DEBUG io.netty.util.internal.PlatformDependent0 - Java version: 22
20:17:49.100 [main] DEBUG io.netty.util.internal.PlatformDependent0 - sun.misc.Unsafe.theUnsafe: available
20:17:49.101 [main] DEBUG io.netty.util.internal.PlatformDependent0 - sun.misc.Unsafe.copyMemory: available
20:17:49.102 [main] DEBUG io.netty.util.internal.PlatformDependent0 - sun.misc.Unsafe.storeFence: available
20:17:49.142 [main] DEBUG io.netty.util.internal.PlatformDependent0 - java.nio.Buffer.address: available
20:17:49.143 [main] DEBUG io.netty.util.internal.PlatformDependent0 - direct buffer constructor: unavailable: java.nio.DirectByteBuffer.<init>(long,int)
20:17:49.145 [main] DEBUG io.netty.util.internal.PlatformDependent0 - java.nio.Bits.unaligned: available, true
20:17:49.147 [main] DEBUG io.netty.util.internal.PlatformDependent0 - jdk.internal.misc.Unsafe.allocateUninitializedArray(int): unavailable: class io.netty.util.internal.PlatformDependent0$7 cannot access class jdk.internal.misc.Unsafe (in module java.base) because module java.base does not export jdk.internal.misc to unnamed module @63355449
20:17:49.150 [main] DEBUG io.netty.util.internal.PlatformDependent0 - java.nio.DirectByteBuffer.<init>(long, int): unavailable
20:17:49.150 [main] DEBUG io.netty.util.internal.PlatformDependent - sun.misc.Unsafe: available
20:17:49.151 [main] DEBUG io.netty.util.internal.PlatformDependent - maxDirectMemory: 1042284544 bytes (maybe)
20:17:49.151 [main] DEBUG io.netty.util.internal.PlatformDependent - -Dio.netty.tmpdir: C:\Users\GLOBAL~1\AppData\Local\Temp (java.io.tmpdir)
20:17:49.151 [main] DEBUG io.netty.util.internal.PlatformDependent - -Dio.netty.bitMode: 64 (sun.arch.data.model)
20:17:49.152 [main] DEBUG io.netty.util.internal.PlatformDependent - Platform: Windows
20:17:49.153 [main] DEBUG io.netty.util.internal.PlatformDependent - -Dio.netty.maxDirectMemory: -1 bytes
20:17:49.153 [main] DEBUG io.netty.util.internal.PlatformDependent - -Dio.netty.uninitializedArrayAllocationThreshold: -1
20:17:49.157 [main] DEBUG io.netty.util.internal.CleanerJava9 - java.nio.ByteBuffer.cleaner(): available
20:17:49.158 [main] DEBUG io.netty.util.internal.PlatformDependent - -Dio.netty.noPreferDirect: false
20:17:49.173 [main] DEBUG io.netty.util.internal.PlatformDependent - org.jctools-core.MpscChunkedArrayQueue: available
20:17:49.226 [main] DEBUG io.netty.util.internal.InternalThreadLocalMap - -Dio.netty.threadLocalMap.stringBuilder.initialSize: 1024
20:17:49.227 [main] DEBUG io.netty.util.internal.InternalThreadLocalMap - -Dio.netty.threadLocalMap.stringBuilder.maxSize: 4096
20:17:49.444 [main] DEBUG io.netty.handler.ssl.JdkSslContext - Default protocols (JDK): [TLSv1.3, TLSv1.2] 
20:17:49.444 [main] DEBUG io.netty.handler.ssl.JdkSslContext - Default cipher suites (JDK): [TLS_ECDHE_ECDSA_WITH_AES_256_GCM_SHA384, TLS_ECDHE_ECDSA_WITH_AES_128_GCM_SHA256, TLS_ECDHE_RSA_WITH_AES_128_GCM_SHA256, TLS_ECDHE_RSA_WITH_AES_256_GCM_SHA384, TLS_ECDHE_RSA_WITH_AES_128_CBC_SHA, TLS_ECDHE_RSA_WITH_AES_256_CBC_SHA, TLS_RSA_WITH_AES_128_GCM_SHA256, TLS_RSA_WITH_AES_128_CBC_SHA, TLS_RSA_WITH_AES_256_CBC_SHA, TLS_AES_128_GCM_SHA256, TLS_AES_256_GCM_SHA384]
20:17:49.489 [main] DEBUG io.netty.util.concurrent.GlobalEventExecutor - -Dio.netty.globalEventExecutor.quietPeriodSeconds: 1
20:17:49.576 [main] DEBUG io.netty.channel.MultithreadEventLoopGroup - -Dio.netty.eventLoopThreads: 8
20:17:49.602 [main] DEBUG io.netty.channel.nio.NioEventLoop - -Dio.netty.noKeySetOptimization: false
20:17:49.602 [main] DEBUG io.netty.channel.nio.NioEventLoop - -Dio.netty.selectorAutoRebuildThreshold: 512
20:17:49.770 [main] DEBUG io.netty.buffer.PooledByteBufAllocator - -Dio.netty.allocator.numHeapArenas: 8
20:17:49.771 [main] DEBUG io.netty.buffer.PooledByteBufAllocator - -Dio.netty.allocator.numDirectArenas: 8
20:17:49.771 [main] DEBUG io.netty.buffer.PooledByteBufAllocator - -Dio.netty.allocator.pageSize: 8192
20:17:49.771 [main] DEBUG io.netty.buffer.PooledByteBufAllocator - -Dio.netty.allocator.maxOrder: 9
20:17:49.771 [main] DEBUG io.netty.buffer.PooledByteBufAllocator - -Dio.netty.allocator.chunkSize: 4194304
20:17:49.771 [main] DEBUG io.netty.buffer.PooledByteBufAllocator - -Dio.netty.allocator.smallCacheSize: 256
20:17:49.771 [main] DEBUG io.netty.buffer.PooledByteBufAllocator - -Dio.netty.allocator.normalCacheSize: 64
20:17:49.771 [main] DEBUG io.netty.buffer.PooledByteBufAllocator - -Dio.netty.allocator.maxCachedBufferCapacity: 32768
20:17:49.773 [main] DEBUG io.netty.buffer.PooledByteBufAllocator - -Dio.netty.allocator.cacheTrimInterval: 8192
20:17:49.773 [main] DEBUG io.netty.buffer.PooledByteBufAllocator - -Dio.netty.allocator.cacheTrimIntervalMillis: 0
20:17:49.773 [main] DEBUG io.netty.buffer.PooledByteBufAllocator - -Dio.netty.allocator.useCacheForAllThreads: false
20:17:49.773 [main] DEBUG io.netty.buffer.PooledByteBufAllocator - -Dio.netty.allocator.maxCachedByteBuffersPerChunk: 1023
20:17:49.809 [main] DEBUG io.netty.buffer.ByteBufUtil - -Dio.netty.allocator.type: pooled
20:17:49.809 [main] DEBUG io.netty.buffer.ByteBufUtil - -Dio.netty.threadLocalDirectBufferSize: 0
20:17:49.810 [main] DEBUG io.netty.buffer.ByteBufUtil - -Dio.netty.maxThreadLocalCharBufferSize: 16384
20:17:52.974 [Forwarding newSession on session null to remote] DEBUG io.netty.channel.DefaultChannelId - -Dio.netty.processId: 4768 (auto-detected)
20:17:52.979 [Forwarding newSession on session null to remote] DEBUG io.netty.util.NetUtil - -Djava.net.preferIPv4Stack: false
20:17:52.979 [Forwarding newSession on session null to remote] DEBUG io.netty.util.NetUtil - -Djava.net.preferIPv6Addresses: false
20:17:52.986 [Forwarding newSession on session null to remote] DEBUG io.netty.util.NetUtilInitializations - Loopback interface: loopback_0 (Software Loopback Interface 1, 0:0:0:0:0:0:0:1)
20:17:52.989 [Forwarding newSession on session null to remote] DEBUG io.netty.util.NetUtil - Failed to get SOMAXCONN from sysctl and file \proc\sys\net\core\somaxconn. Default: 200
20:17:52.992 [Forwarding newSession on session null to remote] DEBUG io.netty.channel.DefaultChannelId - -Dio.netty.machineId: 8c:16:45:ff:fe:37:7b:05 (auto-detected)
20:17:53.257 [AsyncHttpClient-1-2] DEBUG io.netty.buffer.AbstractByteBuf - -Dio.netty.buffer.checkAccessible: true
20:17:53.258 [AsyncHttpClient-1-2] DEBUG io.netty.buffer.AbstractByteBuf - -Dio.netty.buffer.checkBounds: true
20:17:53.259 [AsyncHttpClient-1-2] DEBUG io.netty.util.ResourceLeakDetectorFactory - Loaded default ResourceLeakDetector: io.netty.util.ResourceLeakDetector@22387227
20:17:53.360 [AsyncHttpClient-1-2] DEBUG io.netty.util.Recycler - -Dio.netty.recycler.maxCapacityPerThread: 4096
20:17:53.360 [AsyncHttpClient-1-2] DEBUG io.netty.util.Recycler - -Dio.netty.recycler.ratio: 8
20:17:53.361 [AsyncHttpClient-1-2] DEBUG io.netty.util.Recycler - -Dio.netty.recycler.chunkSize: 32
20:17:53.361 [AsyncHttpClient-1-2] DEBUG io.netty.util.Recycler - -Dio.netty.recycler.blocking: false
20:17:53.362 [AsyncHttpClient-1-2] DEBUG io.netty.util.Recycler - -Dio.netty.recycler.batchFastThreadLocalOnly: true
20:18:00.379 [AsyncHttpClient-1-2] DEBUG io.netty.handler.codec.compression.Brotli - brotli4j not in the classpath; Brotli support will be unavailable.
20:18:00.685 [main] DEBUG io.netty.util.internal.ThreadLocalRandom - -Dio.netty.initialSeedUniquifier: 0x5aa12a01740b7d5c
20:18:00.861 [main] INFO  testCases.TC001_AccountRegistorTest - EdgeBrowser Launched
20:18:01.010 [main] INFO  testCases.TC001_AccountRegistorTest - maximizing window
20:18:04.022 [main] INFO  testCases.TC001_AccountRegistorTest - url launched
20:18:04.096 [main] INFO  testCases.TC001_AccountRegistorTest - Started TC001_AccountRegistorTest
20:18:04.908 [main] INFO  testCases.TC001_AccountRegistorTest - Clicked on MyAccount Link
20:18:06.436 [main] INFO  testCases.TC001_AccountRegistorTest - Clicked on registor Link
20:18:06.437 [main] INFO  testCases.TC001_AccountRegistorTest - Providing Customer Details
20:18:06.836 [main] INFO  testCases.TC001_AccountRegistorTest - Enter FirstName
20:18:07.010 [main] INFO  testCases.TC001_AccountRegistorTest - Enter LastName
20:18:07.210 [main] INFO  testCases.TC001_AccountRegistorTest - Enter Email
20:18:07.359 [main] INFO  testCases.TC001_AccountRegistorTest - Enter PhoneNumber
20:18:07.527 [main] INFO  testCases.TC001_AccountRegistorTest - Enter Password
20:18:07.665 [main] INFO  testCases.TC001_AccountRegistorTest - Enter Re-enter Password
20:18:07.826 [main] INFO  testCases.TC001_AccountRegistorTest - checkmark PrivacyPolicy
20:18:09.464 [main] INFO  testCases.TC001_AccountRegistorTest - click on continue
20:18:09.464 [main] INFO  testCases.TC001_AccountRegistorTest - Validating Conformation Message
20:18:09.564 [main] INFO  testCases.TC001_AccountRegistorTest - Completed TC001_AccountRegisterTest
20:18:15.804 [main] INFO  testCases.TC002_LoginTest - EdgeBrowser Launched
20:18:16.359 [main] INFO  testCases.TC002_LoginTest - maximizing window
20:18:17.787 [main] INFO  testCases.TC002_LoginTest - url launched
20:18:17.790 [main] INFO  testCases.TC002_LoginTest - Started TC002_LoginTest
20:18:21.193 [main] INFO  testCases.TC002_LoginTest - Clicked on MyAccounLink
20:18:21.867 [main] INFO  testCases.TC002_LoginTest - Clicked on LoginLink
20:18:22.198 [main] INFO  testCases.TC002_LoginTest - Entered the  email
20:18:22.352 [main] INFO  testCases.TC002_LoginTest - Entered the  password
20:18:23.552 [main] INFO  testCases.TC002_LoginTest - Click on login
20:18:23.556 [main] INFO  testCases.TC002_LoginTest - Validating login test
20:18:23.671 [main] INFO  testCases.TC002_LoginTest - Completed TC002_LoginTest
